<?xml version="1.0" encoding="UTF-8"?>
<coverage generated="1540886009064" clover="3.2.0">
  <project timestamp="1540886009065" name="All files">
    <metrics statements="21" coveredstatements="20" conditionals="20" coveredconditionals="19" methods="4" coveredmethods="4" elements="45" coveredelements="43" complexity="0" loc="21" ncloc="21" packages="1" files="1" classes="1">
      <file name="index.js" path="D:\demo\unitest\index.js">
        <metrics statements="21" coveredstatements="20" conditionals="20" coveredconditionals="19" methods="4" coveredmethods="4"/>
        <line num="1" count="1" type="stmt"/>
        <line num="2" count="17" type="stmt"/>
        <line num="5" count="1" type="stmt"/>
        <line num="6" count="21" type="cond" truecount="5" falsecount="0"/>
        <line num="7" count="4" type="stmt"/>
        <line num="11" count="1" type="stmt"/>
        <line num="12" count="21" type="cond" truecount="3" falsecount="0"/>
        <line num="15" count="1" type="stmt"/>
        <line num="17" count="21" type="cond" truecount="1" falsecount="1"/>
        <line num="18" count="0" type="stmt"/>
        <line num="21" count="21" type="cond" truecount="2" falsecount="0"/>
        <line num="22" count="4" type="stmt"/>
        <line num="25" count="17" type="cond" truecount="2" falsecount="0"/>
        <line num="26" count="4" type="stmt"/>
        <line num="28" count="13" type="cond" truecount="2" falsecount="0"/>
        <line num="29" count="4" type="stmt"/>
        <line num="31" count="9" type="cond" truecount="2" falsecount="0"/>
        <line num="32" count="3" type="stmt"/>
        <line num="34" count="6" type="cond" truecount="2" falsecount="0"/>
        <line num="35" count="3" type="stmt"/>
        <line num="37" count="3" type="stmt"/>
      </file>
    </metrics>
  </project>
</coverage>
