TN:
SF:D:\demo\unitest\index.js
FN:1,(anonymous_0)
FN:5,(anonymous_1)
FN:11,(anonymous_2)
FN:15,(anonymous_3)
FNF:4
FNH:4
FNDA:17,(anonymous_0)
FNDA:21,(anonymous_1)
FNDA:21,(anonymous_2)
FNDA:21,(anonymous_3)
DA:1,1
DA:2,17
DA:5,1
DA:6,21
DA:7,4
DA:11,1
DA:12,21
DA:15,1
DA:17,21
DA:18,0
DA:21,21
DA:22,4
DA:25,17
DA:26,4
DA:28,13
DA:29,4
DA:31,9
DA:32,3
DA:34,6
DA:35,3
DA:37,3
LF:21
LH:20
BRDA:6,0,0,4
BRDA:6,0,1,17
BRDA:6,1,0,21
BRDA:6,1,1,19
BRDA:6,1,2,18
BRDA:12,2,0,21
BRDA:12,2,1,21
BRDA:12,2,2,21
BRDA:17,3,0,0
BRDA:17,3,1,21
BRDA:21,4,0,4
BRDA:21,4,1,17
BRDA:25,5,0,4
BRDA:25,5,1,13
BRDA:28,6,0,4
BRDA:28,6,1,9
BRDA:31,7,0,3
BRDA:31,7,1,6
BRDA:34,8,0,3
BRDA:34,8,1,3
BRF:20
BRH:19
end_of_record
